<!DOCTYPE html>

<html>
  <head>
  <meta charset='utf-8'>
  <title>TestNG reports</title>

    <link type="text/css" href="testng-reports1.css" rel="stylesheet" id="ultra" />
    <link type="text/css" href="testng-reports.css" rel="stylesheet" id="retro" disabled="false"/>
    <script type="text/javascript" src="jquery-3.6.0.min.js"></script>
    <script type="text/javascript" src="testng-reports.js"></script>
    <script type="text/javascript" src="https://www.google.com/jsapi"></script>
    <script type='text/javascript'>
      google.load('visualization', '1', {packages:['table']});
      google.setOnLoadCallback(drawTable);
      var suiteTableInitFunctions = new Array();
      var suiteTableData = new Array();
    </script>
    <!--
      <script type="text/javascript" src="jquery-ui/js/jquery-ui-1.8.16.custom.min.js"></script>
     -->
  </head>

  <body>    <div class="top-banner-root">
      <span class="top-banner-title-font">Test results</span>
      <button id="button" class="button">Switch Retro Theme</button> <!-- button -->
      <br/>
      <span class="top-banner-font-1">1 suite, 2 failed tests</span>
    </div> <!-- top-banner-root -->
    <div class="navigator-root">
      <div class="navigator-suite-header">
        <span>All suites</span>
        <a href="#" title="Collapse/expand all the suites" class="collapse-all-link">
          <img src="collapseall.gif" class="collapse-all-icon">
          </img> <!-- collapse-all-icon -->
        </a> <!-- collapse-all-link -->
      </div> <!-- navigator-suite-header -->
      <div class="suite">
        <div class="rounded-window">
          <div class="suite-header light-rounded-window-top">
            <a href="#" panel-name="suite-Parallel_Test_Executions" class="navigator-link">
              <span class="suite-name border-failed">Parallel Test Executions</span>
            </a> <!-- navigator-link -->
          </div> <!-- suite-header light-rounded-window-top -->
          <div class="navigator-suite-content">
            <div class="suite-section-title">
              <span>Info</span>
            </div> <!-- suite-section-title -->
            <div class="suite-section-content">
              <ul>
                <li>
                  <a href="#" panel-name="test-xml-Parallel_Test_Executions" class="navigator-link ">
                    <span>D:\Udmey\SeleniumJava-Workspace\SeleniumHybridFramework\testsuite\ParallelExecution.xml</span>
                  </a> <!-- navigator-link  -->
                </li>
                <li>
                  <a href="#" panel-name="testlist-Parallel_Test_Executions" class="navigator-link ">
                    <span class="test-stats">2 tests</span>
                  </a> <!-- navigator-link  -->
                </li>
                <li>
                  <a href="#" panel-name="group-Parallel_Test_Executions" class="navigator-link ">
                    <span>6 groups</span>
                  </a> <!-- navigator-link  -->
                </li>
                <li>
                  <a href="#" panel-name="times-Parallel_Test_Executions" class="navigator-link ">
                    <span>Times</span>
                  </a> <!-- navigator-link  -->
                </li>
                <li>
                  <a href="#" panel-name="reporter-Parallel_Test_Executions" class="navigator-link ">
                    <span>Reporter output</span>
                  </a> <!-- navigator-link  -->
                </li>
                <li>
                  <a href="#" panel-name="ignored-methods-Parallel_Test_Executions" class="navigator-link ">
                    <span>Ignored methods</span>
                  </a> <!-- navigator-link  -->
                </li>
                <li>
                  <a href="#" panel-name="chronological-Parallel_Test_Executions" class="navigator-link ">
                    <span>Chronological view</span>
                  </a> <!-- navigator-link  -->
                </li>
              </ul>
            </div> <!-- suite-section-content -->
            <div class="result-section">
              <div class="suite-section-title">
                <span>Results</span>
              </div> <!-- suite-section-title -->
              <div class="suite-section-content">
                <ul>
                  <li>
                    <span class="method-stats">7 methods, 2 failed,   5 passed</span>
                  </li>
                  <li>
                    <span class="method-list-title failed">Failed methods</span>
                    <span class="show-or-hide-methods failed">
                      <a href="#" panel-name="suite-Parallel_Test_Executions" class="hide-methods failed suite-Parallel_Test_Executions"> (hide)</a> <!-- hide-methods failed suite-Parallel_Test_Executions -->
                      <a href="#" panel-name="suite-Parallel_Test_Executions" class="show-methods failed suite-Parallel_Test_Executions"> (show)</a> <!-- show-methods failed suite-Parallel_Test_Executions -->
                    </span>
                    <div class="method-list-content failed suite-Parallel_Test_Executions">
                      <span>
                        <img src="failed.png" width="3%"/>
                        <a href="#" panel-name="suite-Parallel_Test_Executions" title="com.testcases.ProductPurchaseTest" class="method navigator-link" hash-for-method="verify_checkout_process_as_member_user({country=India, firstname=pratik, address=plot no 8, Bajaj Appt, Nagpur, code=555, city=Nagpur, year...)">verify_checkout_process_as_member_user({country=India, firstname=pratik, address=plot no 8, Bajaj Appt, Nagpur, code=555, city=Nagpur, year...)</a> <!-- method navigator-link -->
                      </span>
                      <br/>
                      <span>
                        <img src="failed.png" width="3%"/>
                        <a href="#" panel-name="suite-Parallel_Test_Executions" title="com.testcases.SearchProductTest" class="method navigator-link" hash-for-method="verify_search_functionality">verify_search_functionality</a> <!-- method navigator-link -->
                      </span>
                      <br/>
                    </div> <!-- method-list-content failed suite-Parallel_Test_Executions -->
                  </li>
                  <li>
                    <span class="method-list-title passed">Passed methods</span>
                    <span class="show-or-hide-methods passed">
                      <a href="#" panel-name="suite-Parallel_Test_Executions" class="hide-methods passed suite-Parallel_Test_Executions"> (hide)</a> <!-- hide-methods passed suite-Parallel_Test_Executions -->
                      <a href="#" panel-name="suite-Parallel_Test_Executions" class="show-methods passed suite-Parallel_Test_Executions"> (show)</a> <!-- show-methods passed suite-Parallel_Test_Executions -->
                    </span>
                    <div class="method-list-content passed suite-Parallel_Test_Executions">
                      <span>
                        <img src="passed.png" width="3%"/>
                        <a href="#" panel-name="suite-Parallel_Test_Executions" title="com.testcases.ProductPurchaseTest" class="method navigator-link" hash-for-method="verify_add_product_to_cart(org.testng.TestRunner@7e56ae99)">verify_add_product_to_cart(org.testng.TestRunner@7e56ae99)</a> <!-- method navigator-link -->
                      </span>
                      <br/>
                      <span>
                        <img src="passed.png" width="3%"/>
                        <a href="#" panel-name="suite-Parallel_Test_Executions" title="com.testcases.ProductPurchaseTest" class="method navigator-link" hash-for-method="verify_checkout_process_as_guest_user({country=India, firstname=pratik, address=plot no 8, Bajaj Appt, Nagpur, code=555, city=Nagpur, year...)">verify_checkout_process_as_guest_user({country=India, firstname=pratik, address=plot no 8, Bajaj Appt, Nagpur, code=555, city=Nagpur, year...)</a> <!-- method navigator-link -->
                      </span>
                      <br/>
                      <span>
                        <img src="passed.png" width="3%"/>
                        <a href="#" panel-name="suite-Parallel_Test_Executions" title="com.testcases.ProductPurchaseTest" class="method navigator-link" hash-for-method="verify_shopping_cart_total_amount_after_gift_wrapping_cost(org.testng.TestRunner@7e56ae99)">verify_shopping_cart_total_amount_after_gift_wrapping_cost(org.testng.TestRunner@7e56ae99)</a> <!-- method navigator-link -->
                      </span>
                      <br/>
                      <span>
                        <img src="passed.png" width="3%"/>
                        <a href="#" panel-name="suite-Parallel_Test_Executions" title="com.testcases.ProductPurchaseTest" class="method navigator-link" hash-for-method="verify_update_shopping_cart">verify_update_shopping_cart</a> <!-- method navigator-link -->
                      </span>
                      <br/>
                      <span>
                        <img src="passed.png" width="3%"/>
                        <a href="#" panel-name="suite-Parallel_Test_Executions" title="com.testcases.ProductPurchaseTest" class="method navigator-link" hash-for-method="verify_user_shopping_cart">verify_user_shopping_cart</a> <!-- method navigator-link -->
                      </span>
                      <br/>
                    </div> <!-- method-list-content passed suite-Parallel_Test_Executions -->
                  </li>
                </ul>
              </div> <!-- suite-section-content -->
            </div> <!-- result-section -->
          </div> <!-- navigator-suite-content -->
        </div> <!-- rounded-window -->
      </div> <!-- suite -->
    </div> <!-- navigator-root -->
    <div class="wrapper">
      <div class="main-panel-root">
        <div panel-name="suite-Parallel_Test_Executions" class="panel Parallel_Test_Executions">
          <div class="suite-Parallel_Test_Executions-class-failed">
            <div class="main-panel-header rounded-window-top">
              <img src="failed.png"/>
              <span class="class-name">com.testcases.SearchProductTest</span>
            </div> <!-- main-panel-header rounded-window-top -->
            <div class="main-panel-content rounded-window-bottom">
              <div class="method">
                <div class="method-content">
                  <a name="verify_search_functionality">
                  </a> <!-- verify_search_functionality -->
                  <span class="method-name">verify_search_functionality</span>
                  <div class="stack-trace">java.lang.AssertionError: Search result Title not matched expected [Digital Storm VANQUISH 3 Custom Performance PCddd] but found [Digital Storm VANQUISH 3 Custom Performance PC]
	at com.testcases.SearchProductTest.verify_search_functionality(SearchProductTest.java:64)
	at java.base/java.util.ArrayList.forEach(ArrayList.java:1511)
	at java.base/java.util.concurrent.FutureTask.run(FutureTask.java:264)
	at java.base/java.util.concurrent.ThreadPoolExecutor.runWorker(ThreadPoolExecutor.java:1136)
	at java.base/java.util.concurrent.ThreadPoolExecutor$Worker.run(ThreadPoolExecutor.java:635)
	at java.base/java.lang.Thread.run(Thread.java:833)
... Removed 22 stack frames
</div> <!-- stack-trace -->
                </div> <!-- method-content -->
              </div> <!-- method -->
            </div> <!-- main-panel-content rounded-window-bottom -->
          </div> <!-- suite-Parallel_Test_Executions-class-failed -->
          <div class="suite-Parallel_Test_Executions-class-failed">
            <div class="main-panel-header rounded-window-top">
              <img src="failed.png"/>
              <span class="class-name">com.testcases.ProductPurchaseTest</span>
            </div> <!-- main-panel-header rounded-window-top -->
            <div class="main-panel-content rounded-window-bottom">
              <div class="method">
                <div class="method-content">
                  <a name="verify_checkout_process_as_member_user({country=India, firstname=pratik, address=plot no 8, Bajaj Appt, Nagpur, code=555, city=Nagpur, year...)">
                  </a> <!-- verify_checkout_process_as_member_user({country=India, firstname=pratik, address=plot no 8, Bajaj Appt, Nagpur, code=555, city=Nagpur, year...) -->
                  <span class="method-name">verify_checkout_process_as_member_user</span>
                  <span class="parameters">({country=India, firstname=pratik, address=plot no 8, Bajaj Appt, Nagpur, code=555, city=Nagpur, year=2028, lastname=Guptey, month=02, phone=9966332211, postalcode=441002, cardholdername=Prateek Guptey, cardtype=Visa, cardnumber=4111111111111111, email=pgupte@testmail.com},org.testng.TestRunner@7e56ae99)</span>
                  <div class="stack-trace">org.openqa.selenium.NoSuchElementException: no such element: Unable to locate element: {&quot;method&quot;:&quot;xpath&quot;,&quot;selector&quot;:&quot;//button[@id=&apos;checkout&apos;]&quot;}
  (Session info: chrome=116.0.5845.97)
For documentation on this error, please visit: https://www.selenium.dev/documentation/webdriver/troubleshooting/errors#no-such-element-exception
Build info: version: &apos;4.11.0&apos;, revision: &apos;040bc5406b&apos;
System info: os.name: &apos;Windows 11&apos;, os.arch: &apos;amd64&apos;, os.version: &apos;10.0&apos;, java.version: &apos;17.0.7&apos;
Driver info: org.openqa.selenium.chrome.ChromeDriver
Command: [39824eab7e94558787154196dfa4aa86, findElement {using=xpath, value=//button[@id=&apos;checkout&apos;]}]
Capabilities {acceptInsecureCerts: false, browserName: chrome, browserVersion: 116.0.5845.97, chrome: {chromedriverVersion: 116.0.5845.96 (1a3918166880..., userDataDir: C:\Users\HP\AppData\Local\T...}, fedcm:accounts: true, goog:chromeOptions: {debuggerAddress: localhost:50674}, networkConnectionEnabled: false, pageLoadStrategy: normal, platformName: windows, proxy: Proxy(), se:cdp: ws://localhost:50674/devtoo..., se:cdpVersion: 116.0.5845.97, setWindowRect: true, strictFileInteractability: false, timeouts: {implicit: 0, pageLoad: 300000, script: 30000}, unhandledPromptBehavior: dismiss and notify, webauthn:extension:credBlob: true, webauthn:extension:largeBlob: true, webauthn:extension:minPinLength: true, webauthn:extension:prf: true, webauthn:virtualAuthenticators: true}
Session ID: 39824eab7e94558787154196dfa4aa86
	at org.openqa.selenium.remote.codec.w3c.W3CHttpResponseCodec.createException(W3CHttpResponseCodec.java:200)
	at org.openqa.selenium.remote.codec.w3c.W3CHttpResponseCodec.decode(W3CHttpResponseCodec.java:133)
	at org.openqa.selenium.remote.codec.w3c.W3CHttpResponseCodec.decode(W3CHttpResponseCodec.java:52)
	at org.openqa.selenium.remote.HttpCommandExecutor.execute(HttpCommandExecutor.java:191)
	at org.openqa.selenium.remote.service.DriverCommandExecutor.invokeExecute(DriverCommandExecutor.java:196)
	at org.openqa.selenium.remote.service.DriverCommandExecutor.execute(DriverCommandExecutor.java:171)
	at org.openqa.selenium.remote.RemoteWebDriver.execute(RemoteWebDriver.java:518)
	at org.openqa.selenium.remote.ElementLocation$ElementFinder$2.findElement(ElementLocation.java:165)
	at org.openqa.selenium.remote.ElementLocation.findElement(ElementLocation.java:59)
	at org.openqa.selenium.remote.RemoteWebDriver.findElement(RemoteWebDriver.java:355)
	at org.openqa.selenium.remote.RemoteWebDriver.findElement(RemoteWebDriver.java:349)
	at org.openqa.selenium.support.pagefactory.DefaultElementLocator.findElement(DefaultElementLocator.java:68)
	at org.openqa.selenium.support.pagefactory.internal.LocatingElementHandler.invoke(LocatingElementHandler.java:38)
	at jdk.proxy2/jdk.proxy2.$Proxy21.click(Unknown Source)
	at com.pageobjects.CartPage.clickoncheckoutbutton(CartPage.java:146)
	at com.testcases.ProductPurchaseTest.verify_checkout_process_as_member_user(ProductPurchaseTest.java:242)
	at java.base/java.util.ArrayList.forEach(ArrayList.java:1511)
	at java.base/java.util.concurrent.FutureTask.run(FutureTask.java:264)
	at java.base/java.util.concurrent.ThreadPoolExecutor.runWorker(ThreadPoolExecutor.java:1136)
	at java.base/java.util.concurrent.ThreadPoolExecutor$Worker.run(ThreadPoolExecutor.java:635)
	at java.base/java.lang.Thread.run(Thread.java:833)
... Removed 22 stack frames
</div> <!-- stack-trace -->
                </div> <!-- method-content -->
              </div> <!-- method -->
            </div> <!-- main-panel-content rounded-window-bottom -->
          </div> <!-- suite-Parallel_Test_Executions-class-failed -->
          <div class="suite-Parallel_Test_Executions-class-passed">
            <div class="main-panel-header rounded-window-top">
              <img src="passed.png"/>
              <span class="class-name">com.testcases.ProductPurchaseTest</span>
            </div> <!-- main-panel-header rounded-window-top -->
            <div class="main-panel-content rounded-window-bottom">
              <div class="method">
                <div class="method-content">
                  <a name="verify_add_product_to_cart(org.testng.TestRunner@7e56ae99)">
                  </a> <!-- verify_add_product_to_cart(org.testng.TestRunner@7e56ae99) -->
                  <span class="method-name">verify_add_product_to_cart</span>
                  <span class="parameters">(org.testng.TestRunner@7e56ae99)</span>
                </div> <!-- method-content -->
              </div> <!-- method -->
              <div class="method">
                <div class="method-content">
                  <a name="verify_checkout_process_as_guest_user({country=India, firstname=pratik, address=plot no 8, Bajaj Appt, Nagpur, code=555, city=Nagpur, year...)">
                  </a> <!-- verify_checkout_process_as_guest_user({country=India, firstname=pratik, address=plot no 8, Bajaj Appt, Nagpur, code=555, city=Nagpur, year...) -->
                  <span class="method-name">verify_checkout_process_as_guest_user</span>
                  <span class="parameters">({country=India, firstname=pratik, address=plot no 8, Bajaj Appt, Nagpur, code=555, city=Nagpur, year=2028, lastname=Guptey, month=02, phone=9966332211, postalcode=441002, cardholdername=Prateek Guptey, cardtype=Visa, cardnumber=4111111111111111, email=pgupte@testmail.com},org.testng.TestRunner@7e56ae99)</span>
                </div> <!-- method-content -->
              </div> <!-- method -->
              <div class="method">
                <div class="method-content">
                  <a name="verify_shopping_cart_total_amount_after_gift_wrapping_cost(org.testng.TestRunner@7e56ae99)">
                  </a> <!-- verify_shopping_cart_total_amount_after_gift_wrapping_cost(org.testng.TestRunner@7e56ae99) -->
                  <span class="method-name">verify_shopping_cart_total_amount_after_gift_wrapping_cost</span>
                  <span class="parameters">(org.testng.TestRunner@7e56ae99)</span>
                </div> <!-- method-content -->
              </div> <!-- method -->
              <div class="method">
                <div class="method-content">
                  <a name="verify_update_shopping_cart">
                  </a> <!-- verify_update_shopping_cart -->
                  <span class="method-name">verify_update_shopping_cart</span>
                </div> <!-- method-content -->
              </div> <!-- method -->
              <div class="method">
                <div class="method-content">
                  <a name="verify_user_shopping_cart">
                  </a> <!-- verify_user_shopping_cart -->
                  <span class="method-name">verify_user_shopping_cart</span>
                </div> <!-- method-content -->
              </div> <!-- method -->
            </div> <!-- main-panel-content rounded-window-bottom -->
          </div> <!-- suite-Parallel_Test_Executions-class-passed -->
        </div> <!-- panel Parallel_Test_Executions -->
        <div panel-name="test-xml-Parallel_Test_Executions" class="panel">
          <div class="main-panel-header rounded-window-top">
            <span class="header-content">D:\Udmey\SeleniumJava-Workspace\SeleniumHybridFramework\testsuite\ParallelExecution.xml</span>
          </div> <!-- main-panel-header rounded-window-top -->
          <div class="main-panel-content rounded-window-bottom">
            <pre>
&lt;?xml version=&quot;1.0&quot; encoding=&quot;UTF-8&quot;?&gt;
&lt;!DOCTYPE suite SYSTEM &quot;https://testng.org/testng-1.0.dtd&quot;&gt;
&lt;suite thread-count=&quot;4&quot; parallel=&quot;tests&quot; name=&quot;Parallel Test Executions&quot; guice-stage=&quot;DEVELOPMENT&quot; verbose=&quot;0&quot;&gt;
  &lt;groups&gt;
    &lt;run&gt;
      &lt;include name=&quot;parallel&quot;/&gt;
    &lt;/run&gt;
  &lt;/groups&gt;
  &lt;groups&gt;
    &lt;run&gt;
      &lt;include name=&quot;parallel&quot;/&gt;
    &lt;/run&gt;
  &lt;/groups&gt;
  &lt;listeners&gt;
    &lt;listener class-name=&quot;com.listeners.AllureListeners&quot;/&gt;
  &lt;/listeners&gt;
  &lt;test thread-count=&quot;4&quot; parallel=&quot;tests&quot; name=&quot;Product Purchase as GuestUser&quot; verbose=&quot;0&quot;&gt;
    &lt;classes&gt;
      &lt;class name=&quot;com.testcases.ProductPurchaseTest&quot;/&gt;
    &lt;/classes&gt;
  &lt;/test&gt; &lt;!-- Product Purchase as GuestUser --&gt;
  &lt;test thread-count=&quot;4&quot; parallel=&quot;tests&quot; name=&quot;SearchProduct&quot; verbose=&quot;0&quot;&gt;
    &lt;classes&gt;
      &lt;class name=&quot;com.testcases.SearchProductTest&quot;/&gt;
    &lt;/classes&gt;
  &lt;/test&gt; &lt;!-- SearchProduct --&gt;
&lt;/suite&gt; &lt;!-- Parallel Test Executions --&gt;
            </pre>
          </div> <!-- main-panel-content rounded-window-bottom -->
        </div> <!-- panel -->
        <div panel-name="testlist-Parallel_Test_Executions" class="panel">
          <div class="main-panel-header rounded-window-top">
            <span class="header-content">Tests for Parallel Test Executions</span>
          </div> <!-- main-panel-header rounded-window-top -->
          <div class="main-panel-content rounded-window-bottom">
            <ul>
              <li>
                <span class="test-name">Product Purchase as GuestUser (1 class)</span>
              </li>
              <li>
                <span class="test-name">SearchProduct (1 class)</span>
              </li>
            </ul>
          </div> <!-- main-panel-content rounded-window-bottom -->
        </div> <!-- panel -->
        <div panel-name="group-Parallel_Test_Executions" class="panel">
          <div class="main-panel-header rounded-window-top">
            <span class="header-content">Groups for Parallel Test Executions</span>
          </div> <!-- main-panel-header rounded-window-top -->
          <div class="main-panel-content rounded-window-bottom">
            <div class="test-group">
              <span class="test-group-name">guestuser</span>
              <br/>
              <div class="method-in-group">
                <span class="method-in-group-name">verify_add_product_to_cart</span>
                <br/>
              </div> <!-- method-in-group -->
              <div class="method-in-group">
                <span class="method-in-group-name">verify_checkout_process_as_guest_user</span>
                <br/>
              </div> <!-- method-in-group -->
              <div class="method-in-group">
                <span class="method-in-group-name">verify_shopping_cart_total_amount_after_gift_wrapping_cost</span>
                <br/>
              </div> <!-- method-in-group -->
              <div class="method-in-group">
                <span class="method-in-group-name">verify_update_shopping_cart</span>
                <br/>
              </div> <!-- method-in-group -->
              <div class="method-in-group">
                <span class="method-in-group-name">verify_user_shopping_cart</span>
                <br/>
              </div> <!-- method-in-group -->
            </div> <!-- test-group -->
            <div class="test-group">
              <span class="test-group-name">memberuser</span>
              <br/>
              <div class="method-in-group">
                <span class="method-in-group-name">verify_add_product_to_cart</span>
                <br/>
              </div> <!-- method-in-group -->
              <div class="method-in-group">
                <span class="method-in-group-name">verify_checkout_process_as_member_user</span>
                <br/>
              </div> <!-- method-in-group -->
              <div class="method-in-group">
                <span class="method-in-group-name">verify_shopping_cart_total_amount_after_gift_wrapping_cost</span>
                <br/>
              </div> <!-- method-in-group -->
              <div class="method-in-group">
                <span class="method-in-group-name">verify_update_shopping_cart</span>
                <br/>
              </div> <!-- method-in-group -->
              <div class="method-in-group">
                <span class="method-in-group-name">verify_user_shopping_cart</span>
                <br/>
              </div> <!-- method-in-group -->
            </div> <!-- test-group -->
            <div class="test-group">
              <span class="test-group-name">parallel</span>
              <br/>
              <div class="method-in-group">
                <span class="method-in-group-name">verify_add_product_to_cart</span>
                <br/>
              </div> <!-- method-in-group -->
              <div class="method-in-group">
                <span class="method-in-group-name">verify_checkout_process_as_guest_user</span>
                <br/>
              </div> <!-- method-in-group -->
              <div class="method-in-group">
                <span class="method-in-group-name">verify_checkout_process_as_member_user</span>
                <br/>
              </div> <!-- method-in-group -->
              <div class="method-in-group">
                <span class="method-in-group-name">verify_search_functionality</span>
                <br/>
              </div> <!-- method-in-group -->
              <div class="method-in-group">
                <span class="method-in-group-name">verify_shopping_cart_total_amount_after_gift_wrapping_cost</span>
                <br/>
              </div> <!-- method-in-group -->
              <div class="method-in-group">
                <span class="method-in-group-name">verify_update_shopping_cart</span>
                <br/>
              </div> <!-- method-in-group -->
              <div class="method-in-group">
                <span class="method-in-group-name">verify_user_shopping_cart</span>
                <br/>
              </div> <!-- method-in-group -->
            </div> <!-- test-group -->
            <div class="test-group">
              <span class="test-group-name">regression</span>
              <br/>
              <div class="method-in-group">
                <span class="method-in-group-name">verify_add_product_to_cart</span>
                <br/>
              </div> <!-- method-in-group -->
              <div class="method-in-group">
                <span class="method-in-group-name">verify_checkout_process_as_member_user</span>
                <br/>
              </div> <!-- method-in-group -->
              <div class="method-in-group">
                <span class="method-in-group-name">verify_search_functionality</span>
                <br/>
              </div> <!-- method-in-group -->
              <div class="method-in-group">
                <span class="method-in-group-name">verify_shopping_cart_total_amount_after_gift_wrapping_cost</span>
                <br/>
              </div> <!-- method-in-group -->
              <div class="method-in-group">
                <span class="method-in-group-name">verify_update_shopping_cart</span>
                <br/>
              </div> <!-- method-in-group -->
              <div class="method-in-group">
                <span class="method-in-group-name">verify_user_shopping_cart</span>
                <br/>
              </div> <!-- method-in-group -->
            </div> <!-- test-group -->
            <div class="test-group">
              <span class="test-group-name">sanity</span>
              <br/>
              <div class="method-in-group">
                <span class="method-in-group-name">verify_add_product_to_cart</span>
                <br/>
              </div> <!-- method-in-group -->
              <div class="method-in-group">
                <span class="method-in-group-name">verify_user_shopping_cart</span>
                <br/>
              </div> <!-- method-in-group -->
            </div> <!-- test-group -->
            <div class="test-group">
              <span class="test-group-name">smoke</span>
              <br/>
              <div class="method-in-group">
                <span class="method-in-group-name">verify_add_product_to_cart</span>
                <br/>
              </div> <!-- method-in-group -->
              <div class="method-in-group">
                <span class="method-in-group-name">verify_search_functionality</span>
                <br/>
              </div> <!-- method-in-group -->
              <div class="method-in-group">
                <span class="method-in-group-name">verify_user_shopping_cart</span>
                <br/>
              </div> <!-- method-in-group -->
            </div> <!-- test-group -->
          </div> <!-- main-panel-content rounded-window-bottom -->
        </div> <!-- panel -->
        <div panel-name="times-Parallel_Test_Executions" class="panel">
          <div class="main-panel-header rounded-window-top">
            <span class="header-content">Times for Parallel Test Executions</span>
          </div> <!-- main-panel-header rounded-window-top -->
          <div class="main-panel-content rounded-window-bottom">
            <div class="times-div">
              <script type="text/javascript">
suiteTableInitFunctions.push('tableData_Parallel_Test_Executions');
function tableData_Parallel_Test_Executions() {
var data = new google.visualization.DataTable();
data.addColumn('number', 'Number');
data.addColumn('string', 'Method');
data.addColumn('string', 'Class');
data.addColumn('number', 'Time (ms)');
data.addRows(7);
data.setCell(0, 0, 0)
data.setCell(0, 1, 'verify_checkout_process_as_member_user')
data.setCell(0, 2, 'com.testcases.ProductPurchaseTest')
data.setCell(0, 3, 20108);
data.setCell(1, 0, 1)
data.setCell(1, 1, 'verify_checkout_process_as_guest_user')
data.setCell(1, 2, 'com.testcases.ProductPurchaseTest')
data.setCell(1, 3, 15704);
data.setCell(2, 0, 2)
data.setCell(2, 1, 'verify_search_functionality')
data.setCell(2, 2, 'com.testcases.SearchProductTest')
data.setCell(2, 3, 9924);
data.setCell(3, 0, 3)
data.setCell(3, 1, 'verify_add_product_to_cart')
data.setCell(3, 2, 'com.testcases.ProductPurchaseTest')
data.setCell(3, 3, 9045);
data.setCell(4, 0, 4)
data.setCell(4, 1, 'verify_shopping_cart_total_amount_after_gift_wrapping_cost')
data.setCell(4, 2, 'com.testcases.ProductPurchaseTest')
data.setCell(4, 3, 2574);
data.setCell(5, 0, 5)
data.setCell(5, 1, 'verify_user_shopping_cart')
data.setCell(5, 2, 'com.testcases.ProductPurchaseTest')
data.setCell(5, 3, 1635);
data.setCell(6, 0, 6)
data.setCell(6, 1, 'verify_update_shopping_cart')
data.setCell(6, 2, 'com.testcases.ProductPurchaseTest')
data.setCell(6, 3, 1367);
window.suiteTableData['Parallel_Test_Executions']= { tableData: data, tableDiv: 'times-div-Parallel_Test_Executions'}
return data;
}
              </script>
              <span class="suite-total-time">Total running time: 1 minutes</span>
              <div id="times-div-Parallel_Test_Executions">
              </div> <!-- times-div-Parallel_Test_Executions -->
            </div> <!-- times-div -->
          </div> <!-- main-panel-content rounded-window-bottom -->
        </div> <!-- panel -->
        <div panel-name="reporter-Parallel_Test_Executions" class="panel">
          <div class="main-panel-header rounded-window-top">
            <span class="header-content">Reporter output for Parallel Test Executions</span>
          </div> <!-- main-panel-header rounded-window-top -->
          <div class="main-panel-content rounded-window-bottom">
          </div> <!-- main-panel-content rounded-window-bottom -->
        </div> <!-- panel -->
        <div panel-name="ignored-methods-Parallel_Test_Executions" class="panel">
          <div class="main-panel-header rounded-window-top">
            <span class="header-content">0 ignored methods</span>
          </div> <!-- main-panel-header rounded-window-top -->
          <div class="main-panel-content rounded-window-bottom">
          </div> <!-- main-panel-content rounded-window-bottom -->
        </div> <!-- panel -->
        <div panel-name="chronological-Parallel_Test_Executions" class="panel">
          <div class="main-panel-header rounded-window-top">
            <span class="header-content">Methods in chronological order</span>
          </div> <!-- main-panel-header rounded-window-top -->
          <div class="main-panel-content rounded-window-bottom">
            <div class="chronological-class">
              <div class="chronological-class-name">com.testcases.SearchProductTest</div> <!-- chronological-class-name -->
              <div class="configuration-test before">
                <span class="method-name">initializeBrowsers</span>
                <span class="method-start">0 ms</span>
              </div> <!-- configuration-test before -->
            </div> <!-- chronological-class -->
            <div class="chronological-class">
              <div class="chronological-class-name">com.testcases.ProductPurchaseTest</div> <!-- chronological-class-name -->
              <div class="configuration-test before">
                <span class="method-name">initializeBrowsers</span>
                <span class="method-start">3 ms</span>
              </div> <!-- configuration-test before -->
              <div class="test-method">
                <span class="method-name">verify_add_product_to_cart(org.testng.TestRunner@7e56ae99)</span>
                <span class="method-start">12068 ms</span>
              </div> <!-- test-method -->
            </div> <!-- chronological-class -->
            <div class="chronological-class">
              <div class="chronological-class-name">com.testcases.SearchProductTest</div> <!-- chronological-class-name -->
              <div class="test-method">
                <img src="failed.png">
                </img>
                <span class="method-name">verify_search_functionality</span>
                <span class="method-start">12068 ms</span>
              </div> <!-- test-method -->
            </div> <!-- chronological-class -->
            <div class="chronological-class">
              <div class="chronological-class-name">com.testcases.ProductPurchaseTest</div> <!-- chronological-class-name -->
              <div class="test-method">
                <span class="method-name">verify_user_shopping_cart</span>
                <span class="method-start">21729 ms</span>
              </div> <!-- test-method -->
            </div> <!-- chronological-class -->
            <div class="chronological-class">
              <div class="chronological-class-name">com.testcases.SearchProductTest</div> <!-- chronological-class-name -->
              <div class="configuration-test after">
                <span class="method-name">tearDown</span>
                <span class="method-start">22897 ms</span>
              </div> <!-- configuration-test after -->
            </div> <!-- chronological-class -->
            <div class="chronological-class">
              <div class="chronological-class-name">com.testcases.ProductPurchaseTest</div> <!-- chronological-class-name -->
              <div class="test-method">
                <span class="method-name">verify_update_shopping_cart</span>
                <span class="method-start">23374 ms</span>
              </div> <!-- test-method -->
              <div class="test-method">
                <span class="method-name">verify_shopping_cart_total_amount_after_gift_wrapping_cost(org.testng.TestRunner@7e56ae99)</span>
                <span class="method-start">25194 ms</span>
              </div> <!-- test-method -->
              <div class="test-method">
                <span class="method-name">verify_checkout_process_as_guest_user({country=India, firstname=pratik, address=plot no 8, Bajaj Appt, Nagpur, code=555, city=Nagpur, year...)</span>
                <span class="method-start">28863 ms</span>
              </div> <!-- test-method -->
              <div class="test-method">
                <img src="failed.png">
                </img>
                <span class="method-name">verify_checkout_process_as_member_user({country=India, firstname=pratik, address=plot no 8, Bajaj Appt, Nagpur, code=555, city=Nagpur, year...)</span>
                <span class="method-start">44575 ms</span>
              </div> <!-- test-method -->
              <div class="configuration-test after">
                <span class="method-name">tearDown</span>
                <span class="method-start">64939 ms</span>
              </div> <!-- configuration-test after -->
          </div> <!-- main-panel-content rounded-window-bottom -->
        </div> <!-- panel -->
      </div> <!-- main-panel-root -->
    </div> <!-- wrapper -->
  </body>
<script type="text/javascript" src="testng-reports2.js"></script>
</html>
