<?xml version="1.0" encoding="UTF-8"?>
<testng-results ignored="0" total="7" passed="5" failed="2" skipped="0">
  <reporter-output>
  </reporter-output>
  <suite started-at="2023-08-24T23:22:09 IST" name="Parallel Test Executions" finished-at="2023-08-24T23:23:14 IST" duration-ms="65586">
    <groups>
      <group name="parallel">
        <method signature="ProductPurchaseTest.verify_add_product_to_cart(org.testng.ITestContext)[pri:1, instance:com.testcases.ProductPurchaseTest@7e75bf2d]" name="verify_add_product_to_cart" class="com.testcases.ProductPurchaseTest"/>
        <method signature="ProductPurchaseTest.verify_user_shopping_cart()[pri:2, instance:com.testcases.ProductPurchaseTest@7e75bf2d]" name="verify_user_shopping_cart" class="com.testcases.ProductPurchaseTest"/>
        <method signature="ProductPurchaseTest.verify_update_shopping_cart()[pri:3, instance:com.testcases.ProductPurchaseTest@7e75bf2d]" name="verify_update_shopping_cart" class="com.testcases.ProductPurchaseTest"/>
        <method signature="ProductPurchaseTest.verify_shopping_cart_total_amount_after_gift_wrapping_cost(org.testng.ITestContext)[pri:4, instance:com.testcases.ProductPurchaseTest@7e75bf2d]" name="verify_shopping_cart_total_amount_after_gift_wrapping_cost" class="com.testcases.ProductPurchaseTest"/>
        <method signature="ProductPurchaseTest.verify_checkout_process_as_guest_user(java.util.HashMap,org.testng.ITestContext)[pri:5, instance:com.testcases.ProductPurchaseTest@7e75bf2d]" name="verify_checkout_process_as_guest_user" class="com.testcases.ProductPurchaseTest"/>
        <method signature="ProductPurchaseTest.verify_checkout_process_as_member_user(java.util.HashMap,org.testng.ITestContext)[pri:6, instance:com.testcases.ProductPurchaseTest@7e75bf2d]" name="verify_checkout_process_as_member_user" class="com.testcases.ProductPurchaseTest"/>
        <method signature="SearchProductTest.verify_search_functionality()[pri:1, instance:com.testcases.SearchProductTest@1abc9f14]" name="verify_search_functionality" class="com.testcases.SearchProductTest"/>
      </group> <!-- parallel -->
      <group name="regression">
        <method signature="ProductPurchaseTest.verify_add_product_to_cart(org.testng.ITestContext)[pri:1, instance:com.testcases.ProductPurchaseTest@7e75bf2d]" name="verify_add_product_to_cart" class="com.testcases.ProductPurchaseTest"/>
        <method signature="ProductPurchaseTest.verify_user_shopping_cart()[pri:2, instance:com.testcases.ProductPurchaseTest@7e75bf2d]" name="verify_user_shopping_cart" class="com.testcases.ProductPurchaseTest"/>
        <method signature="ProductPurchaseTest.verify_update_shopping_cart()[pri:3, instance:com.testcases.ProductPurchaseTest@7e75bf2d]" name="verify_update_shopping_cart" class="com.testcases.ProductPurchaseTest"/>
        <method signature="ProductPurchaseTest.verify_shopping_cart_total_amount_after_gift_wrapping_cost(org.testng.ITestContext)[pri:4, instance:com.testcases.ProductPurchaseTest@7e75bf2d]" name="verify_shopping_cart_total_amount_after_gift_wrapping_cost" class="com.testcases.ProductPurchaseTest"/>
        <method signature="ProductPurchaseTest.verify_checkout_process_as_member_user(java.util.HashMap,org.testng.ITestContext)[pri:6, instance:com.testcases.ProductPurchaseTest@7e75bf2d]" name="verify_checkout_process_as_member_user" class="com.testcases.ProductPurchaseTest"/>
        <method signature="SearchProductTest.verify_search_functionality()[pri:1, instance:com.testcases.SearchProductTest@1abc9f14]" name="verify_search_functionality" class="com.testcases.SearchProductTest"/>
      </group> <!-- regression -->
      <group name="smoke">
        <method signature="ProductPurchaseTest.verify_add_product_to_cart(org.testng.ITestContext)[pri:1, instance:com.testcases.ProductPurchaseTest@7e75bf2d]" name="verify_add_product_to_cart" class="com.testcases.ProductPurchaseTest"/>
        <method signature="ProductPurchaseTest.verify_user_shopping_cart()[pri:2, instance:com.testcases.ProductPurchaseTest@7e75bf2d]" name="verify_user_shopping_cart" class="com.testcases.ProductPurchaseTest"/>
        <method signature="SearchProductTest.verify_search_functionality()[pri:1, instance:com.testcases.SearchProductTest@1abc9f14]" name="verify_search_functionality" class="com.testcases.SearchProductTest"/>
      </group> <!-- smoke -->
      <group name="sanity">
        <method signature="ProductPurchaseTest.verify_add_product_to_cart(org.testng.ITestContext)[pri:1, instance:com.testcases.ProductPurchaseTest@7e75bf2d]" name="verify_add_product_to_cart" class="com.testcases.ProductPurchaseTest"/>
        <method signature="ProductPurchaseTest.verify_user_shopping_cart()[pri:2, instance:com.testcases.ProductPurchaseTest@7e75bf2d]" name="verify_user_shopping_cart" class="com.testcases.ProductPurchaseTest"/>
      </group> <!-- sanity -->
      <group name="memberuser">
        <method signature="ProductPurchaseTest.verify_add_product_to_cart(org.testng.ITestContext)[pri:1, instance:com.testcases.ProductPurchaseTest@7e75bf2d]" name="verify_add_product_to_cart" class="com.testcases.ProductPurchaseTest"/>
        <method signature="ProductPurchaseTest.verify_user_shopping_cart()[pri:2, instance:com.testcases.ProductPurchaseTest@7e75bf2d]" name="verify_user_shopping_cart" class="com.testcases.ProductPurchaseTest"/>
        <method signature="ProductPurchaseTest.verify_update_shopping_cart()[pri:3, instance:com.testcases.ProductPurchaseTest@7e75bf2d]" name="verify_update_shopping_cart" class="com.testcases.ProductPurchaseTest"/>
        <method signature="ProductPurchaseTest.verify_shopping_cart_total_amount_after_gift_wrapping_cost(org.testng.ITestContext)[pri:4, instance:com.testcases.ProductPurchaseTest@7e75bf2d]" name="verify_shopping_cart_total_amount_after_gift_wrapping_cost" class="com.testcases.ProductPurchaseTest"/>
        <method signature="ProductPurchaseTest.verify_checkout_process_as_member_user(java.util.HashMap,org.testng.ITestContext)[pri:6, instance:com.testcases.ProductPurchaseTest@7e75bf2d]" name="verify_checkout_process_as_member_user" class="com.testcases.ProductPurchaseTest"/>
      </group> <!-- memberuser -->
      <group name="guestuser">
        <method signature="ProductPurchaseTest.verify_add_product_to_cart(org.testng.ITestContext)[pri:1, instance:com.testcases.ProductPurchaseTest@7e75bf2d]" name="verify_add_product_to_cart" class="com.testcases.ProductPurchaseTest"/>
        <method signature="ProductPurchaseTest.verify_user_shopping_cart()[pri:2, instance:com.testcases.ProductPurchaseTest@7e75bf2d]" name="verify_user_shopping_cart" class="com.testcases.ProductPurchaseTest"/>
        <method signature="ProductPurchaseTest.verify_update_shopping_cart()[pri:3, instance:com.testcases.ProductPurchaseTest@7e75bf2d]" name="verify_update_shopping_cart" class="com.testcases.ProductPurchaseTest"/>
        <method signature="ProductPurchaseTest.verify_shopping_cart_total_amount_after_gift_wrapping_cost(org.testng.ITestContext)[pri:4, instance:com.testcases.ProductPurchaseTest@7e75bf2d]" name="verify_shopping_cart_total_amount_after_gift_wrapping_cost" class="com.testcases.ProductPurchaseTest"/>
        <method signature="ProductPurchaseTest.verify_checkout_process_as_guest_user(java.util.HashMap,org.testng.ITestContext)[pri:5, instance:com.testcases.ProductPurchaseTest@7e75bf2d]" name="verify_checkout_process_as_guest_user" class="com.testcases.ProductPurchaseTest"/>
      </group> <!-- guestuser -->
    </groups>
    <test started-at="2023-08-24T23:22:09 IST" name="SearchProduct" finished-at="2023-08-24T23:22:32 IST" duration-ms="23864">
      <class name="com.testcases.SearchProductTest">
        <test-method is-config="true" signature="initializeBrowsers()[pri:0, instance:com.testcases.SearchProductTest@1abc9f14]" started-at="2023-08-24T23:22:09 IST" name="initializeBrowsers" finished-at="2023-08-24T23:22:21 IST" duration-ms="12018" status="PASS">
          <reporter-output>
          </reporter-output>
        </test-method> <!-- initializeBrowsers -->
        <test-method signature="verify_search_functionality()[pri:1, instance:com.testcases.SearchProductTest@1abc9f14]" started-at="2023-08-24T23:22:21 IST" name="verify_search_functionality" finished-at="2023-08-24T23:22:31 IST" duration-ms="9924" status="FAIL">
          <exception class="java.lang.AssertionError">
            <message>
              <![CDATA[Search result Title not matched expected [Digital Storm VANQUISH 3 Custom Performance PCddd] but found [Digital Storm VANQUISH 3 Custom Performance PC]]]>
            </message>
            <full-stacktrace>
              <![CDATA[java.lang.AssertionError: Search result Title not matched expected [Digital Storm VANQUISH 3 Custom Performance PCddd] but found [Digital Storm VANQUISH 3 Custom Performance PC]
at org.testng.Assert.fail(Assert.java:110)
at org.testng.Assert.failNotEquals(Assert.java:1577)
at org.testng.Assert.assertEqualsImpl(Assert.java:149)
at org.testng.Assert.assertEquals(Assert.java:131)
at org.testng.Assert.assertEquals(Assert.java:655)
at com.testcases.SearchProductTest.verify_search_functionality(SearchProductTest.java:64)
at java.base/jdk.internal.reflect.NativeMethodAccessorImpl.invoke0(Native Method)
at java.base/jdk.internal.reflect.NativeMethodAccessorImpl.invoke(NativeMethodAccessorImpl.java:77)
at java.base/jdk.internal.reflect.DelegatingMethodAccessorImpl.invoke(DelegatingMethodAccessorImpl.java:43)
at java.base/java.lang.reflect.Method.invoke(Method.java:568)
at org.testng.internal.invokers.MethodInvocationHelper.invokeMethod(MethodInvocationHelper.java:139)
at org.testng.internal.invokers.TestInvoker.invokeMethod(TestInvoker.java:677)
at org.testng.internal.invokers.TestInvoker.invokeTestMethod(TestInvoker.java:221)
at org.testng.internal.invokers.MethodRunner.runInSequence(MethodRunner.java:50)
at org.testng.internal.invokers.TestInvoker$MethodInvocationAgent.invoke(TestInvoker.java:969)
at org.testng.internal.invokers.TestInvoker.invokeTestMethods(TestInvoker.java:194)
at org.testng.internal.invokers.TestMethodWorker.invokeTestMethods(TestMethodWorker.java:148)
at org.testng.internal.invokers.TestMethodWorker.run(TestMethodWorker.java:128)
at java.base/java.util.ArrayList.forEach(ArrayList.java:1511)
at org.testng.TestRunner.privateRun(TestRunner.java:829)
at org.testng.TestRunner.run(TestRunner.java:602)
at org.testng.SuiteRunner.runTest(SuiteRunner.java:437)
at org.testng.SuiteRunner$SuiteWorker.run(SuiteRunner.java:475)
at org.testng.internal.thread.ThreadUtil.lambda$execute$0(ThreadUtil.java:58)
at java.base/java.util.concurrent.FutureTask.run(FutureTask.java:264)
at java.base/java.util.concurrent.ThreadPoolExecutor.runWorker(ThreadPoolExecutor.java:1136)
at java.base/java.util.concurrent.ThreadPoolExecutor$Worker.run(ThreadPoolExecutor.java:635)
at java.base/java.lang.Thread.run(Thread.java:833)
]]>
            </full-stacktrace>
          </exception> <!-- java.lang.AssertionError -->
          <reporter-output>
          </reporter-output>
        </test-method> <!-- verify_search_functionality -->
        <test-method is-config="true" signature="tearDown()[pri:0, instance:com.testcases.SearchProductTest@1abc9f14]" started-at="2023-08-24T23:22:32 IST" name="tearDown" finished-at="2023-08-24T23:22:32 IST" duration-ms="933" status="PASS">
          <reporter-output>
          </reporter-output>
        </test-method> <!-- tearDown -->
      </class> <!-- com.testcases.SearchProductTest -->
    </test> <!-- SearchProduct -->
    <test started-at="2023-08-24T23:22:09 IST" name="Product Purchase as GuestUser" finished-at="2023-08-24T23:23:14 IST" duration-ms="65586">
      <class name="com.testcases.ProductPurchaseTest">
        <test-method is-config="true" signature="initializeBrowsers()[pri:0, instance:com.testcases.ProductPurchaseTest@7e75bf2d]" started-at="2023-08-24T23:22:09 IST" name="initializeBrowsers" finished-at="2023-08-24T23:22:21 IST" duration-ms="11884" status="PASS">
          <reporter-output>
          </reporter-output>
        </test-method> <!-- initializeBrowsers -->
        <test-method signature="verify_add_product_to_cart(org.testng.ITestContext)[pri:1, instance:com.testcases.ProductPurchaseTest@7e75bf2d]" started-at="2023-08-24T23:22:21 IST" name="verify_add_product_to_cart" finished-at="2023-08-24T23:22:30 IST" duration-ms="9045" status="PASS">
          <params>
            <param index="0">
              <value>
                <![CDATA[org.testng.TestRunner@7e56ae99]]>
              </value>
            </param>
          </params>
          <reporter-output>
          </reporter-output>
        </test-method> <!-- verify_add_product_to_cart -->
        <test-method signature="verify_user_shopping_cart()[pri:2, instance:com.testcases.ProductPurchaseTest@7e75bf2d]" started-at="2023-08-24T23:22:30 IST" name="verify_user_shopping_cart" finished-at="2023-08-24T23:22:32 IST" depends-on-methods="com.testcases.ProductPurchaseTest.verify_add_product_to_cart" duration-ms="1635" status="PASS">
          <reporter-output>
          </reporter-output>
        </test-method> <!-- verify_user_shopping_cart -->
        <test-method signature="verify_update_shopping_cart()[pri:3, instance:com.testcases.ProductPurchaseTest@7e75bf2d]" started-at="2023-08-24T23:22:32 IST" name="verify_update_shopping_cart" finished-at="2023-08-24T23:22:33 IST" depends-on-methods="com.testcases.ProductPurchaseTest.verify_user_shopping_cart" duration-ms="1367" status="PASS">
          <reporter-output>
          </reporter-output>
        </test-method> <!-- verify_update_shopping_cart -->
        <test-method signature="verify_shopping_cart_total_amount_after_gift_wrapping_cost(org.testng.ITestContext)[pri:4, instance:com.testcases.ProductPurchaseTest@7e75bf2d]" started-at="2023-08-24T23:22:34 IST" name="verify_shopping_cart_total_amount_after_gift_wrapping_cost" finished-at="2023-08-24T23:22:36 IST" depends-on-methods="com.testcases.ProductPurchaseTest.verify_user_shopping_cart" duration-ms="2574" status="PASS">
          <params>
            <param index="0">
              <value>
                <![CDATA[org.testng.TestRunner@7e56ae99]]>
              </value>
            </param>
          </params>
          <reporter-output>
          </reporter-output>
        </test-method> <!-- verify_shopping_cart_total_amount_after_gift_wrapping_cost -->
        <test-method signature="verify_checkout_process_as_guest_user(java.util.HashMap,org.testng.ITestContext)[pri:5, instance:com.testcases.ProductPurchaseTest@7e75bf2d]" started-at="2023-08-24T23:22:37 IST" name="verify_checkout_process_as_guest_user" data-provider="getData" finished-at="2023-08-24T23:22:53 IST" duration-ms="15704" status="PASS">
          <params>
            <param index="0">
              <value>
                <![CDATA[{country=India, firstname=pratik, address=plot no 8, Bajaj Appt, Nagpur, code=555, city=Nagpur, year=2028, lastname=Guptey, month=02, phone=9966332211, postalcode=441002, cardholdername=Prateek Guptey, cardtype=Visa, cardnumber=4111111111111111, email=pgupte@testmail.com}]]>
              </value>
            </param>
            <param index="1">
              <value>
                <![CDATA[org.testng.TestRunner@7e56ae99]]>
              </value>
            </param>
          </params>
          <reporter-output>
          </reporter-output>
        </test-method> <!-- verify_checkout_process_as_guest_user -->
        <test-method signature="verify_checkout_process_as_member_user(java.util.HashMap,org.testng.ITestContext)[pri:6, instance:com.testcases.ProductPurchaseTest@7e75bf2d]" started-at="2023-08-24T23:22:53 IST" name="verify_checkout_process_as_member_user" data-provider="getData" finished-at="2023-08-24T23:23:13 IST" depends-on-methods="com.testcases.ProductPurchaseTest.verify_shopping_cart_total_amount_after_gift_wrapping_cost" duration-ms="20108" status="FAIL">
          <params>
            <param index="0">
              <value>
                <![CDATA[{country=India, firstname=pratik, address=plot no 8, Bajaj Appt, Nagpur, code=555, city=Nagpur, year=2028, lastname=Guptey, month=02, phone=9966332211, postalcode=441002, cardholdername=Prateek Guptey, cardtype=Visa, cardnumber=4111111111111111, email=pgupte@testmail.com}]]>
              </value>
            </param>
            <param index="1">
              <value>
                <![CDATA[org.testng.TestRunner@7e56ae99]]>
              </value>
            </param>
          </params>
          <exception class="org.openqa.selenium.NoSuchElementException">
            <message>
              <![CDATA[no such element: Unable to locate element: {"method":"xpath","selector":"//button[@id='checkout']"}
  (Session info: chrome=116.0.5845.97)
For documentation on this error, please visit: https://www.selenium.dev/documentation/webdriver/troubleshooting/errors#no-such-element-exception
Build info: version: '4.11.0', revision: '040bc5406b'
System info: os.name: 'Windows 11', os.arch: 'amd64', os.version: '10.0', java.version: '17.0.7'
Driver info: org.openqa.selenium.chrome.ChromeDriver
Command: [39824eab7e94558787154196dfa4aa86, findElement {using=xpath, value=//button[@id='checkout']}]
Capabilities {acceptInsecureCerts: false, browserName: chrome, browserVersion: 116.0.5845.97, chrome: {chromedriverVersion: 116.0.5845.96 (1a3918166880..., userDataDir: C:\Users\HP\AppData\Local\T...}, fedcm:accounts: true, goog:chromeOptions: {debuggerAddress: localhost:50674}, networkConnectionEnabled: false, pageLoadStrategy: normal, platformName: windows, proxy: Proxy(), se:cdp: ws://localhost:50674/devtoo..., se:cdpVersion: 116.0.5845.97, setWindowRect: true, strictFileInteractability: false, timeouts: {implicit: 0, pageLoad: 300000, script: 30000}, unhandledPromptBehavior: dismiss and notify, webauthn:extension:credBlob: true, webauthn:extension:largeBlob: true, webauthn:extension:minPinLength: true, webauthn:extension:prf: true, webauthn:virtualAuthenticators: true}
Session ID: 39824eab7e94558787154196dfa4aa86]]>
            </message>
            <full-stacktrace>
              <![CDATA[org.openqa.selenium.NoSuchElementException: no such element: Unable to locate element: {"method":"xpath","selector":"//button[@id='checkout']"}
  (Session info: chrome=116.0.5845.97)
For documentation on this error, please visit: https://www.selenium.dev/documentation/webdriver/troubleshooting/errors#no-such-element-exception
Build info: version: '4.11.0', revision: '040bc5406b'
System info: os.name: 'Windows 11', os.arch: 'amd64', os.version: '10.0', java.version: '17.0.7'
Driver info: org.openqa.selenium.chrome.ChromeDriver
Command: [39824eab7e94558787154196dfa4aa86, findElement {using=xpath, value=//button[@id='checkout']}]
Capabilities {acceptInsecureCerts: false, browserName: chrome, browserVersion: 116.0.5845.97, chrome: {chromedriverVersion: 116.0.5845.96 (1a3918166880..., userDataDir: C:\Users\HP\AppData\Local\T...}, fedcm:accounts: true, goog:chromeOptions: {debuggerAddress: localhost:50674}, networkConnectionEnabled: false, pageLoadStrategy: normal, platformName: windows, proxy: Proxy(), se:cdp: ws://localhost:50674/devtoo..., se:cdpVersion: 116.0.5845.97, setWindowRect: true, strictFileInteractability: false, timeouts: {implicit: 0, pageLoad: 300000, script: 30000}, unhandledPromptBehavior: dismiss and notify, webauthn:extension:credBlob: true, webauthn:extension:largeBlob: true, webauthn:extension:minPinLength: true, webauthn:extension:prf: true, webauthn:virtualAuthenticators: true}
Session ID: 39824eab7e94558787154196dfa4aa86
at java.base/jdk.internal.reflect.NativeConstructorAccessorImpl.newInstance0(Native Method)
at java.base/jdk.internal.reflect.NativeConstructorAccessorImpl.newInstance(NativeConstructorAccessorImpl.java:77)
at java.base/jdk.internal.reflect.DelegatingConstructorAccessorImpl.newInstance(DelegatingConstructorAccessorImpl.java:45)
at java.base/java.lang.reflect.Constructor.newInstanceWithCaller(Constructor.java:499)
at java.base/java.lang.reflect.Constructor.newInstance(Constructor.java:480)
at org.openqa.selenium.remote.codec.w3c.W3CHttpResponseCodec.createException(W3CHttpResponseCodec.java:200)
at org.openqa.selenium.remote.codec.w3c.W3CHttpResponseCodec.decode(W3CHttpResponseCodec.java:133)
at org.openqa.selenium.remote.codec.w3c.W3CHttpResponseCodec.decode(W3CHttpResponseCodec.java:52)
at org.openqa.selenium.remote.HttpCommandExecutor.execute(HttpCommandExecutor.java:191)
at org.openqa.selenium.remote.service.DriverCommandExecutor.invokeExecute(DriverCommandExecutor.java:196)
at org.openqa.selenium.remote.service.DriverCommandExecutor.execute(DriverCommandExecutor.java:171)
at org.openqa.selenium.remote.RemoteWebDriver.execute(RemoteWebDriver.java:518)
at org.openqa.selenium.remote.ElementLocation$ElementFinder$2.findElement(ElementLocation.java:165)
at org.openqa.selenium.remote.ElementLocation.findElement(ElementLocation.java:59)
at org.openqa.selenium.remote.RemoteWebDriver.findElement(RemoteWebDriver.java:355)
at org.openqa.selenium.remote.RemoteWebDriver.findElement(RemoteWebDriver.java:349)
at org.openqa.selenium.support.pagefactory.DefaultElementLocator.findElement(DefaultElementLocator.java:68)
at org.openqa.selenium.support.pagefactory.internal.LocatingElementHandler.invoke(LocatingElementHandler.java:38)
at jdk.proxy2/jdk.proxy2.$Proxy21.click(Unknown Source)
at com.pageobjects.CartPage.clickoncheckoutbutton(CartPage.java:146)
at com.testcases.ProductPurchaseTest.verify_checkout_process_as_member_user(ProductPurchaseTest.java:242)
at java.base/jdk.internal.reflect.NativeMethodAccessorImpl.invoke0(Native Method)
at java.base/jdk.internal.reflect.NativeMethodAccessorImpl.invoke(NativeMethodAccessorImpl.java:77)
at java.base/jdk.internal.reflect.DelegatingMethodAccessorImpl.invoke(DelegatingMethodAccessorImpl.java:43)
at java.base/java.lang.reflect.Method.invoke(Method.java:568)
at org.testng.internal.invokers.MethodInvocationHelper.invokeMethod(MethodInvocationHelper.java:139)
at org.testng.internal.invokers.TestInvoker.invokeMethod(TestInvoker.java:677)
at org.testng.internal.invokers.TestInvoker.invokeTestMethod(TestInvoker.java:221)
at org.testng.internal.invokers.MethodRunner.runInSequence(MethodRunner.java:50)
at org.testng.internal.invokers.TestInvoker$MethodInvocationAgent.invoke(TestInvoker.java:969)
at org.testng.internal.invokers.TestInvoker.invokeTestMethods(TestInvoker.java:194)
at org.testng.internal.invokers.TestMethodWorker.invokeTestMethods(TestMethodWorker.java:148)
at org.testng.internal.invokers.TestMethodWorker.run(TestMethodWorker.java:128)
at java.base/java.util.ArrayList.forEach(ArrayList.java:1511)
at org.testng.TestRunner.privateRun(TestRunner.java:829)
at org.testng.TestRunner.run(TestRunner.java:602)
at org.testng.SuiteRunner.runTest(SuiteRunner.java:437)
at org.testng.SuiteRunner$SuiteWorker.run(SuiteRunner.java:475)
at org.testng.internal.thread.ThreadUtil.lambda$execute$0(ThreadUtil.java:58)
at java.base/java.util.concurrent.FutureTask.run(FutureTask.java:264)
at java.base/java.util.concurrent.ThreadPoolExecutor.runWorker(ThreadPoolExecutor.java:1136)
at java.base/java.util.concurrent.ThreadPoolExecutor$Worker.run(ThreadPoolExecutor.java:635)
at java.base/java.lang.Thread.run(Thread.java:833)
]]>
            </full-stacktrace>
          </exception> <!-- org.openqa.selenium.NoSuchElementException -->
          <reporter-output>
          </reporter-output>
        </test-method> <!-- verify_checkout_process_as_member_user -->
        <test-method is-config="true" signature="tearDown()[pri:0, instance:com.testcases.ProductPurchaseTest@7e75bf2d]" started-at="2023-08-24T23:23:14 IST" name="tearDown" finished-at="2023-08-24T23:23:14 IST" duration-ms="613" status="PASS">
          <reporter-output>
          </reporter-output>
        </test-method> <!-- tearDown -->
      </class> <!-- com.testcases.ProductPurchaseTest -->
    </test> <!-- Product Purchase as GuestUser -->
  </suite> <!-- Parallel Test Executions -->
</testng-results>
