<?xml version="1.0" encoding="UTF-8"?>
<!-- Generated by org.testng.reporters.JUnitXMLReporter -->
<testsuite ignored="0" hostname="LAPTOP-QPHGE425" failures="1" tests="1" name="SearchProduct" time="23.864" errors="0" timestamp="2023-08-24T23:22:33 IST">
  <testcase classname="com.testcases.SearchProductTest" name="verify_search_functionality" time="9.924">
    <failure type="java.lang.AssertionError" message="Search result Title not matched expected [Digital Storm VANQUISH 3 Custom Performance PCddd] but found [Digital Storm VANQUISH 3 Custom Performance PC]">
      <![CDATA[java.lang.AssertionError: Search result Title not matched expected [Digital Storm VANQUISH 3 Custom Performance PCddd] but found [Digital Storm VANQUISH 3 Custom Performance PC]
at com.testcases.SearchProductTest.verify_search_functionality(SearchProductTest.java:64)
at java.base/java.util.ArrayList.forEach(ArrayList.java:1511)
at java.base/java.util.concurrent.FutureTask.run(FutureTask.java:264)
at java.base/java.util.concurrent.ThreadPoolExecutor.runWorker(ThreadPoolExecutor.java:1136)
at java.base/java.util.concurrent.ThreadPoolExecutor$Worker.run(ThreadPoolExecutor.java:635)
at java.base/java.lang.Thread.run(Thread.java:833)
... Removed 22 stack frames]]>
    </failure>
  </testcase> <!-- verify_search_functionality -->
</testsuite> <!-- SearchProduct -->
